<?xml version="1.0" encoding="UTF-8"?>
<!-- Generated by org.testng.reporters.JUnitReportReporter -->
<testsuite hostname="DESKTOP-03HQKCE" failures="0" tests="6" name="eshop.Payment" time="0.005" errors="0" timestamp="2025-10-08T17:37:06 IST" skipped="0">
  <testcase classname="eshop.Payment" name="cod" time="0.001"/>
  <system-out/>
  <testcase classname="eshop.Payment" name="creditCard" time="0.000"/>
  <system-out/>
  <testcase classname="eshop.Payment" name="creditCard" time="0.001"/>
  <system-out/>
  <testcase classname="eshop.Payment" name="debitCard" time="0.001"/>
  <system-out/>
  <testcase classname="eshop.Payment" name="debitCard" time="0.001"/>
  <system-out/>
  <testcase classname="eshop.Payment" name="cod" time="0.001"/>
  <system-out/>
</testsuite> <!-- eshop.Payment -->
