<?xml version="1.0" encoding="UTF-8"?>
<!-- Generated by org.testng.reporters.JUnitReportReporter -->
<testsuite hostname="DESKTOP-03HQKCE" failures="0" tests="4" name="eshop.Cart" time="0.004" errors="0" timestamp="2025-10-08T17:37:06 IST" skipped="0">
  <testcase classname="eshop.Cart" name="editItem" time="0.001"/>
  <system-out/>
  <testcase classname="eshop.Cart" name="removeItem" time="0.001"/>
  <system-out/>
  <testcase classname="eshop.Cart" name="editItem" time="0.001"/>
  <system-out/>
  <testcase classname="eshop.Cart" name="removeItem" time="0.001"/>
  <system-out/>
</testsuite> <!-- eshop.Cart -->
