<?xml version="1.0" encoding="UTF-8"?>
<!-- Generated by org.testng.reporters.JUnitReportReporter -->
<testsuite hostname="DESKTOP-03HQKCE" failures="0" tests="1" name="parameters.LoginTest" time="2.469" errors="0" timestamp="2025-10-06T18:13:13 IST" skipped="0">
  <testcase classname="parameters.LoginTest" name="login" time="2.469"/>
  <system-out/>
</testsuite> <!-- parameters.LoginTest -->
